<?xml version="1.0" encoding="UTF-8"?>
<!-- Generated by org.testng.reporters.JUnitReportReporter -->
<testsuite hostname="MYSHEC554614L" failures="0" tests="1" name="PageScroll" time="3.041" errors="0" timestamp="06 May 2022 05:42:33 GMT" skipped="0">
  <testcase classname="PageScroll" name="test" time="3.041"/>
</testsuite> <!-- PageScroll -->
