<?xml version="1.0" encoding="UTF-8"?>
<!-- Generated by org.testng.reporters.JUnitReportReporter -->
<testsuite hostname="MYSHEC554614L" failures="0" tests="1" name="Attribute" time="2.091" errors="0" timestamp="06 May 2022 05:34:03 GMT" skipped="0">
  <testcase classname="Attribute" name="test" time="2.091"/>
</testsuite> <!-- Attribute -->
