<?xml version="1.0" encoding="UTF-8"?>
<!-- Generated by org.testng.reporters.JUnitReportReporter -->
<testsuite hostname="MYSHEC554614L" failures="0" tests="1" name="DragAndDrop" time="10.675" errors="0" timestamp="2022-05-04T08:06:38 IST" skipped="0">
  <testcase classname="DragAndDrop" name="main" time="10.675"/>
  <system-out/>
</testsuite> <!-- DragAndDrop -->
