<?xml version="1.0" encoding="UTF-8"?>
<!-- Generated by org.testng.reporters.JUnitReportReporter -->
<testsuite hostname="MYSHEC554614L" failures="0" tests="1" name="ExtentReport" time="10.467" errors="0" timestamp="06 May 2022 10:21:21 GMT" skipped="0">
  <testcase classname="ExtentReport" name="extentReportstest" time="10.467"/>
</testsuite> <!-- ExtentReport -->
