<?xml version="1.0" encoding="UTF-8"?>
<!-- Generated by org.testng.reporters.JUnitReportReporter -->
<testsuite hostname="MYSHEC554614L" failures="0" tests="1" name="PropertyFile" time="6.724" errors="0" timestamp="2022-05-04T12:15:59 IST" skipped="0">
  <testcase classname="PropertyFile" name="test" time="6.724"/>
  <system-out/>
</testsuite> <!-- PropertyFile -->
