<?xml version="1.0" encoding="UTF-8"?>
<!-- Generated by org.testng.reporters.JUnitReportReporter -->
<testsuite hostname="MYSHEC554614L" failures="0" tests="2" name="DataProvider1" time="11.966" errors="0" timestamp="06 May 2022 05:27:26 GMT" skipped="0">
  <testcase classname="DataProvider1" name="test" time="5.599"/>
  <testcase classname="DataProvider1" name="test" time="6.367"/>
</testsuite> <!-- DataProvider1 -->
