<?xml version="1.0" encoding="UTF-8"?>
<!-- Generated by org.testng.reporters.JUnitReportReporter -->
<testsuite hostname="MYSHEC554614L" failures="0" tests="1" name="BrokenLinks" time="14.842" errors="0" timestamp="2022-05-04T08:59:41 IST" skipped="0">
  <testcase classname="BrokenLinks" name="links" time="14.842"/>
  <system-out/>
</testsuite> <!-- BrokenLinks -->
