<?xml version="1.0" encoding="UTF-8"?>
<!-- Generated by org.testng.reporters.JUnitReportReporter -->
<testsuite hostname="MYSHEC554614L" failures="0" tests="1" name="BootStrapAssignment" time="25.581" errors="0" timestamp="2022-05-02T14:19:12 IST" skipped="0">
  <testcase classname="BootStrapAssignment" name="test" time="25.581"/>
  <system-out/>
</testsuite> <!-- BootStrapAssignment -->
