<?xml version="1.0" encoding="UTF-8"?>
<!-- Generated by org.testng.reporters.JUnitReportReporter -->
<testsuite hostname="MYSHEC554614L" failures="0" tests="1" name="BrowserWindowSize" time="2.284" errors="0" timestamp="06 May 2022 05:39:54 GMT" skipped="0">
  <testcase classname="BrowserWindowSize" name="test" time="2.284"/>
</testsuite> <!-- BrowserWindowSize -->
